Using pre-set license
Built from '2020.3/staging' branch; Version is '2020.3.0f1 (c7b5465681fb) revision 13088070'; Using compiler version '192528614'; Build Type 'Release'
OS: 'Windows 10 Home; OS build 19041.985; Version 2004; 64bit' Language: 'en' Physical Memory: 16294 MB
BatchMode: 1, IsHumanControllingUs: 0, StartBugReporterOnCrash: 0, Is64bit: 1, IsPro: 0

 COMMAND LINE ARGUMENTS:
C:\Program Files\Unity\Hub\Editor\2020.3.0f1\Editor\Unity.exe
-adb2
-batchMode
-noUpm
-name
AssetImportWorker0
-projectPath
D:/dev/FIEA Prototype/FIEA-Prototype/FIEA Prototype
-logFile
Logs/AssetImportWorker0.log
-srvPort
57178
Successfully changed project path to: D:/dev/FIEA Prototype/FIEA-Prototype/FIEA Prototype
D:/dev/FIEA Prototype/FIEA-Prototype/FIEA Prototype
Using Asset Import Pipeline V2.
Refreshing native plugins compatible for Editor in 22.20 ms, found 0 plugins.
Preloading 0 native plugins for Editor in 0.00 ms.
Initialize engine version: 2020.3.0f1 (c7b5465681fb)
[Subsystems] Discovering subsystems at path C:/Program Files/Unity/Hub/Editor/2020.3.0f1/Editor/Data/Resources/UnitySubsystems
[Subsystems] Discovering subsystems at path D:/dev/FIEA Prototype/FIEA-Prototype/FIEA Prototype/Assets
GfxDevice: creating device client; threaded=0
Direct3D:
    Version:  Direct3D 11.0 [level 11.1]
    Renderer: NVIDIA GeForce RTX 2070 (ID=0x1f02)
    Vendor:   
    VRAM:     8031 MB
    Driver:   27.21.14.6089
Initialize mono
Mono path[0] = 'C:/Program Files/Unity/Hub/Editor/2020.3.0f1/Editor/Data/Managed'
Mono path[1] = 'C:/Program Files/Unity/Hub/Editor/2020.3.0f1/Editor/Data/MonoBleedingEdge/lib/mono/unityjit'
Mono config path = 'C:/Program Files/Unity/Hub/Editor/2020.3.0f1/Editor/Data/MonoBleedingEdge/etc'
Using monoOptions --debugger-agent=transport=dt_socket,embedding=1,server=y,suspend=n,address=127.0.0.1:56336
Begin MonoManager ReloadAssembly
Registering precompiled unity dll's ...
Register platform support module: C:/Program Files/Unity/Hub/Editor/2020.3.0f1/Editor/Data/PlaybackEngines/WindowsStandaloneSupport/UnityEditor.WindowsStandalone.Extensions.dll
Registered in 0.001697 seconds.
Native extension for WindowsStandalone target not found
Refreshing native plugins compatible for Editor in 20.48 ms, found 0 plugins.
Preloading 0 native plugins for Editor in 0.00 ms.
Invoked RoslynAnalysisRunner static constructor.
RoslynAnalysisRunner will not be running.
RoslynAnalysisRunner has terminated.
Mono: successfully reloaded assembly
- Completed reload, in  0.899 seconds
Platform modules already initialized, skipping
Registering precompiled user dll's ...
Registered in 0.000571 seconds.
Begin MonoManager ReloadAssembly
Native extension for WindowsStandalone target not found
Refreshing native plugins compatible for Editor in 0.19 ms, found 0 plugins.
Preloading 0 native plugins for Editor in 0.00 ms.
Invoked RoslynAnalysisRunner static constructor.
RoslynAnalysisRunner will not be running.
RoslynAnalysisRunner has terminated.
Mono: successfully reloaded assembly
- Completed reload, in  0.705 seconds
Platform modules already initialized, skipping
========================================================================
Worker process is ready to serve import requests
Launched and connected shader compiler UnityShaderCompiler.exe after 0.04 seconds
Refreshing native plugins compatible for Editor in 0.18 ms, found 0 plugins.
Preloading 0 native plugins for Editor in 0.00 ms.
Unloading 1138 Unused Serialized files (Serialized files now loaded: 0)
System memory in use before: 59.1 MB.
System memory in use after: 59.2 MB.

Unloading 9 unused Assets to reduce memory usage. Loaded Objects now: 1581.
Total: 1.350200 ms (FindLiveObjects: 0.115000 ms CreateObjectMapping: 0.033500 ms MarkObjects: 1.151600 ms  DeleteObjects: 0.049000 ms)

========================================================================
Received Import Request.
  path: Assets/TestMat.mat
  artifactKey: Guid(03becdd17fcc7134292b3aad5826663b) Importer(815301076,1909f56bfc062723c751e8b465ee728b)
Start importing Assets/TestMat.mat using Guid(03becdd17fcc7134292b3aad5826663b) Importer(815301076,1909f56bfc062723c751e8b465ee728b)  -> (artifact id: 'b2dedd0d00d075e377b8c8e37e23e7f8') in 0.090410 seconds
  Import took 0.101977 seconds .

========================================================================
Received Import Request.
  Time since last request: 22.931753 seconds.
  path: Assets/Models/desk_chairArms.dae
  artifactKey: Guid(1ea27680084039444a40b7cae21daa7c) Importer(815301076,1909f56bfc062723c751e8b465ee728b)
Start importing Assets/Models/desk_chairArms.dae using Guid(1ea27680084039444a40b7cae21daa7c) Importer(815301076,1909f56bfc062723c751e8b465ee728b)  -> (artifact id: '36a32dfea0b98963e8b410da13e986b6') in 0.055216 seconds
  Import took 0.076994 seconds .

========================================================================
Received Import Request.
  Time since last request: 22.232783 seconds.
  path: Assets/Models/desk_chair.dae
  artifactKey: Guid(de64be8e9931d6741a8ea4121b00dd27) Importer(815301076,1909f56bfc062723c751e8b465ee728b)
Start importing Assets/Models/desk_chair.dae using Guid(de64be8e9931d6741a8ea4121b00dd27) Importer(815301076,1909f56bfc062723c751e8b465ee728b)  -> (artifact id: 'f171c8e88c5ff76f74b8ebef0e8f2b6b') in 0.036532 seconds
  Import took 0.049839 seconds .

========================================================================
Received Import Request.
  Time since last request: 4.986754 seconds.
  path: Assets/Models/desk_chair.dae
  artifactKey: Guid(de64be8e9931d6741a8ea4121b00dd27) Importer(815301076,1909f56bfc062723c751e8b465ee728b)
Start importing Assets/Models/desk_chair.dae using Guid(de64be8e9931d6741a8ea4121b00dd27) Importer(815301076,1909f56bfc062723c751e8b465ee728b)  -> (artifact id: '3ecfaae17c6207343593a17134ae0882') in 0.013990 seconds
  Import took 0.055087 seconds .

========================================================================
Received Import Request.
  Time since last request: 4.805171 seconds.
  path: Assets/Models/desk_chair.dae
  artifactKey: Guid(de64be8e9931d6741a8ea4121b00dd27) Importer(815301076,1909f56bfc062723c751e8b465ee728b)
Start importing Assets/Models/desk_chair.dae using Guid(de64be8e9931d6741a8ea4121b00dd27) Importer(815301076,1909f56bfc062723c751e8b465ee728b)  -> (artifact id: 'fdb7607d271995b5aa07f4799ac675b4') in 0.030395 seconds
  Import took 0.032650 seconds .

========================================================================
Received Prepare
Registering precompiled user dll's ...
Registered in 0.000537 seconds.
Begin MonoManager ReloadAssembly
Native extension for WindowsStandalone target not found
Refreshing native plugins compatible for Editor in 0.20 ms, found 0 plugins.
Preloading 0 native plugins for Editor in 0.00 ms.
Invoked RoslynAnalysisRunner static constructor.
RoslynAnalysisRunner will not be running.
RoslynAnalysisRunner has terminated.
Mono: successfully reloaded assembly
- Completed reload, in  0.667 seconds
Platform modules already initialized, skipping
Refreshing native plugins compatible for Editor in 0.19 ms, found 0 plugins.
Preloading 0 native plugins for Editor in 0.00 ms.
Unloading 1119 Unused Serialized files (Serialized files now loaded: 0)
System memory in use before: 61.5 MB.
System memory in use after: 61.6 MB.

Unloading 4 unused Assets to reduce memory usage. Loaded Objects now: 1627.
Total: 1.424500 ms (FindLiveObjects: 0.131000 ms CreateObjectMapping: 0.030300 ms MarkObjects: 1.250600 ms  DeleteObjects: 0.011500 ms)

========================================================================
Received Import Request.
  Time since last request: 106.097626 seconds.
  path: Assets/Prefabs/Tutorial Car.prefab
  artifactKey: Guid(771e1d5b179ff77469f879eeab04cbb1) Importer(815301076,1909f56bfc062723c751e8b465ee728b)
Start importing Assets/Prefabs/Tutorial Car.prefab using Guid(771e1d5b179ff77469f879eeab04cbb1) Importer(815301076,1909f56bfc062723c751e8b465ee728b)  -> (artifact id: '401950fef5934e7792ffa671fc5e6557') in 0.093374 seconds
  Import took 0.221107 seconds .

========================================================================
Received Import Request.
  Time since last request: 10.705661 seconds.
  path: Assets/Prefabs/Tutorial Car.prefab
  artifactKey: Guid(771e1d5b179ff77469f879eeab04cbb1) Importer(815301076,1909f56bfc062723c751e8b465ee728b)
Start importing Assets/Prefabs/Tutorial Car.prefab using Guid(771e1d5b179ff77469f879eeab04cbb1) Importer(815301076,1909f56bfc062723c751e8b465ee728b)  -> (artifact id: '5a0d1d081bfc594f38a79dc46df2efd1') in 0.023858 seconds
  Import took 0.044869 seconds .

========================================================================
Received Prepare
Registering precompiled user dll's ...
Registered in 0.000585 seconds.
Begin MonoManager ReloadAssembly
Native extension for WindowsStandalone target not found
Refreshing native plugins compatible for Editor in 0.30 ms, found 0 plugins.
Preloading 0 native plugins for Editor in 0.00 ms.
Invoked RoslynAnalysisRunner static constructor.
RoslynAnalysisRunner will not be running.
RoslynAnalysisRunner has terminated.
Mono: successfully reloaded assembly
- Completed reload, in  0.713 seconds
Platform modules already initialized, skipping
Refreshing native plugins compatible for Editor in 0.21 ms, found 0 plugins.
Preloading 0 native plugins for Editor in 0.00 ms.
Unloading 1119 Unused Serialized files (Serialized files now loaded: 0)
System memory in use before: 61.6 MB.
System memory in use after: 61.7 MB.

Unloading 4 unused Assets to reduce memory usage. Loaded Objects now: 1632.
Total: 1.346300 ms (FindLiveObjects: 0.118700 ms CreateObjectMapping: 0.028300 ms MarkObjects: 1.187000 ms  DeleteObjects: 0.011600 ms)

========================================================================
Received Import Request.
  Time since last request: 26.109291 seconds.
  path: Assets/Models/Sci-Fi
  artifactKey: Guid(58cf28b818eb8574f8e76831a0bfcf6e) Importer(815301076,1909f56bfc062723c751e8b465ee728b)
Start importing Assets/Models/Sci-Fi using Guid(58cf28b818eb8574f8e76831a0bfcf6e) Importer(815301076,1909f56bfc062723c751e8b465ee728b)  -> (artifact id: '87b227cdae2f8853b9712fa27c33e48b') in 0.007190 seconds
  Import took 0.009367 seconds .

========================================================================
Received Prepare
Registering precompiled user dll's ...
Registered in 0.000540 seconds.
Begin MonoManager ReloadAssembly
Native extension for WindowsStandalone target not found
Refreshing native plugins compatible for Editor in 0.21 ms, found 0 plugins.
Preloading 0 native plugins for Editor in 0.00 ms.
Invoked RoslynAnalysisRunner static constructor.
RoslynAnalysisRunner will not be running.
RoslynAnalysisRunner has terminated.
Mono: successfully reloaded assembly
- Completed reload, in  0.658 seconds
Platform modules already initialized, skipping
Refreshing native plugins compatible for Editor in 0.19 ms, found 0 plugins.
Preloading 0 native plugins for Editor in 0.00 ms.
Unloading 1119 Unused Serialized files (Serialized files now loaded: 0)
System memory in use before: 61.7 MB.
System memory in use after: 61.8 MB.

Unloading 4 unused Assets to reduce memory usage. Loaded Objects now: 1635.
Total: 1.799900 ms (FindLiveObjects: 0.331400 ms CreateObjectMapping: 0.055500 ms MarkObjects: 1.395200 ms  DeleteObjects: 0.015900 ms)

========================================================================
Received Prepare
Registering precompiled user dll's ...
Registered in 0.000526 seconds.
Begin MonoManager ReloadAssembly
Native extension for WindowsStandalone target not found
Refreshing native plugins compatible for Editor in 0.19 ms, found 0 plugins.
Preloading 0 native plugins for Editor in 0.00 ms.
Invoked RoslynAnalysisRunner static constructor.
RoslynAnalysisRunner will not be running.
RoslynAnalysisRunner has terminated.
Mono: successfully reloaded assembly
- Completed reload, in  0.645 seconds
Platform modules already initialized, skipping
Refreshing native plugins compatible for Editor in 0.23 ms, found 0 plugins.
Preloading 0 native plugins for Editor in 0.00 ms.
Unloading 1119 Unused Serialized files (Serialized files now loaded: 0)
System memory in use before: 61.7 MB.
System memory in use after: 61.8 MB.

Unloading 4 unused Assets to reduce memory usage. Loaded Objects now: 1638.
Total: 1.374300 ms (FindLiveObjects: 0.112200 ms CreateObjectMapping: 0.029900 ms MarkObjects: 1.220100 ms  DeleteObjects: 0.010800 ms)

========================================================================
Received Prepare
Registering precompiled user dll's ...
Registered in 0.000541 seconds.
Begin MonoManager ReloadAssembly
Native extension for WindowsStandalone target not found
Refreshing native plugins compatible for Editor in 0.20 ms, found 0 plugins.
Preloading 0 native plugins for Editor in 0.00 ms.
Invoked RoslynAnalysisRunner static constructor.
RoslynAnalysisRunner will not be running.
RoslynAnalysisRunner has terminated.
Mono: successfully reloaded assembly
- Completed reload, in  0.636 seconds
Platform modules already initialized, skipping
Refreshing native plugins compatible for Editor in 0.20 ms, found 0 plugins.
Preloading 0 native plugins for Editor in 0.00 ms.
Unloading 1119 Unused Serialized files (Serialized files now loaded: 0)
System memory in use before: 61.7 MB.
System memory in use after: 61.8 MB.

Unloading 4 unused Assets to reduce memory usage. Loaded Objects now: 1641.
Total: 1.340300 ms (FindLiveObjects: 0.121100 ms CreateObjectMapping: 0.030600 ms MarkObjects: 1.175600 ms  DeleteObjects: 0.012400 ms)

========================================================================
Received Prepare
Registering precompiled user dll's ...
Registered in 0.000535 seconds.
Begin MonoManager ReloadAssembly
Native extension for WindowsStandalone target not found
Refreshing native plugins compatible for Editor in 0.20 ms, found 0 plugins.
Preloading 0 native plugins for Editor in 0.00 ms.
Invoked RoslynAnalysisRunner static constructor.
RoslynAnalysisRunner will not be running.
RoslynAnalysisRunner has terminated.
Mono: successfully reloaded assembly
- Completed reload, in  0.655 seconds
Platform modules already initialized, skipping
Refreshing native plugins compatible for Editor in 0.20 ms, found 0 plugins.
Preloading 0 native plugins for Editor in 0.00 ms.
Unloading 1119 Unused Serialized files (Serialized files now loaded: 0)
System memory in use before: 61.7 MB.
System memory in use after: 61.8 MB.

Unloading 4 unused Assets to reduce memory usage. Loaded Objects now: 1644.
Total: 1.837500 ms (FindLiveObjects: 0.245800 ms CreateObjectMapping: 0.047200 ms MarkObjects: 1.529300 ms  DeleteObjects: 0.013900 ms)

========================================================================
Received Prepare
Registering precompiled user dll's ...
Registered in 0.000559 seconds.
Begin MonoManager ReloadAssembly
Native extension for WindowsStandalone target not found
Refreshing native plugins compatible for Editor in 0.19 ms, found 0 plugins.
Preloading 0 native plugins for Editor in 0.00 ms.
Invoked RoslynAnalysisRunner static constructor.
RoslynAnalysisRunner will not be running.
RoslynAnalysisRunner has terminated.
Mono: successfully reloaded assembly
- Completed reload, in  0.643 seconds
Platform modules already initialized, skipping
Refreshing native plugins compatible for Editor in 0.19 ms, found 0 plugins.
Preloading 0 native plugins for Editor in 0.00 ms.
Unloading 1119 Unused Serialized files (Serialized files now loaded: 0)
System memory in use before: 61.7 MB.
System memory in use after: 61.8 MB.

Unloading 4 unused Assets to reduce memory usage. Loaded Objects now: 1647.
Total: 1.471800 ms (FindLiveObjects: 0.144400 ms CreateObjectMapping: 0.035700 ms MarkObjects: 1.278000 ms  DeleteObjects: 0.012400 ms)

========================================================================
Received Prepare
Registering precompiled user dll's ...
Registered in 0.000535 seconds.
Begin MonoManager ReloadAssembly
Native extension for WindowsStandalone target not found
Refreshing native plugins compatible for Editor in 0.19 ms, found 0 plugins.
Preloading 0 native plugins for Editor in 0.00 ms.
Invoked RoslynAnalysisRunner static constructor.
RoslynAnalysisRunner will not be running.
RoslynAnalysisRunner has terminated.
Mono: successfully reloaded assembly
- Completed reload, in  0.649 seconds
Platform modules already initialized, skipping
Refreshing native plugins compatible for Editor in 0.20 ms, found 0 plugins.
Preloading 0 native plugins for Editor in 0.00 ms.
Unloading 1119 Unused Serialized files (Serialized files now loaded: 0)
System memory in use before: 61.7 MB.
System memory in use after: 61.8 MB.

Unloading 4 unused Assets to reduce memory usage. Loaded Objects now: 1650.
Total: 1.861700 ms (FindLiveObjects: 0.177400 ms CreateObjectMapping: 0.049400 ms MarkObjects: 1.621600 ms  DeleteObjects: 0.012100 ms)

========================================================================
Received Prepare
Registering precompiled user dll's ...
Registered in 0.000602 seconds.
Begin MonoManager ReloadAssembly
Native extension for WindowsStandalone target not found
Refreshing native plugins compatible for Editor in 0.22 ms, found 0 plugins.
Preloading 0 native plugins for Editor in 0.00 ms.
Invoked RoslynAnalysisRunner static constructor.
RoslynAnalysisRunner will not be running.
RoslynAnalysisRunner has terminated.
Mono: successfully reloaded assembly
- Completed reload, in  0.664 seconds
Platform modules already initialized, skipping
Refreshing native plugins compatible for Editor in 0.19 ms, found 0 plugins.
Preloading 0 native plugins for Editor in 0.00 ms.
Unloading 1119 Unused Serialized files (Serialized files now loaded: 0)
System memory in use before: 61.7 MB.
System memory in use after: 61.8 MB.

Unloading 4 unused Assets to reduce memory usage. Loaded Objects now: 1653.
Total: 1.831800 ms (FindLiveObjects: 0.207900 ms CreateObjectMapping: 0.104100 ms MarkObjects: 1.506400 ms  DeleteObjects: 0.012400 ms)

========================================================================
Received Prepare
Registering precompiled user dll's ...
Registered in 0.000682 seconds.
Begin MonoManager ReloadAssembly
Native extension for WindowsStandalone target not found
Refreshing native plugins compatible for Editor in 0.19 ms, found 0 plugins.
Preloading 0 native plugins for Editor in 0.00 ms.
Invoked RoslynAnalysisRunner static constructor.
RoslynAnalysisRunner will not be running.
RoslynAnalysisRunner has terminated.
Mono: successfully reloaded assembly
- Completed reload, in  0.693 seconds
Platform modules already initialized, skipping
Refreshing native plugins compatible for Editor in 0.20 ms, found 0 plugins.
Preloading 0 native plugins for Editor in 0.00 ms.
Unloading 1119 Unused Serialized files (Serialized files now loaded: 0)
System memory in use before: 61.7 MB.
System memory in use after: 61.8 MB.

Unloading 4 unused Assets to reduce memory usage. Loaded Objects now: 1656.
Total: 1.931000 ms (FindLiveObjects: 0.156800 ms CreateObjectMapping: 0.041500 ms MarkObjects: 1.718800 ms  DeleteObjects: 0.012300 ms)

========================================================================
Received Prepare
Registering precompiled user dll's ...
Registered in 0.000607 seconds.
Begin MonoManager ReloadAssembly
Native extension for WindowsStandalone target not found
Refreshing native plugins compatible for Editor in 0.21 ms, found 0 plugins.
Preloading 0 native plugins for Editor in 0.00 ms.
Invoked RoslynAnalysisRunner static constructor.
RoslynAnalysisRunner will not be running.
RoslynAnalysisRunner has terminated.
Mono: successfully reloaded assembly
- Completed reload, in  0.669 seconds
Platform modules already initialized, skipping
Refreshing native plugins compatible for Editor in 0.20 ms, found 0 plugins.
Preloading 0 native plugins for Editor in 0.00 ms.
Unloading 1119 Unused Serialized files (Serialized files now loaded: 0)
System memory in use before: 61.7 MB.
System memory in use after: 61.8 MB.

Unloading 4 unused Assets to reduce memory usage. Loaded Objects now: 1659.
Total: 1.552000 ms (FindLiveObjects: 0.152600 ms CreateObjectMapping: 0.033400 ms MarkObjects: 1.352200 ms  DeleteObjects: 0.012800 ms)

========================================================================
Received Import Request.
  Time since last request: 839.027971 seconds.
  path: Assets/Walkway.prefab
  artifactKey: Guid(cba54067d9e733a47af3933bbfd03fcc) Importer(815301076,1909f56bfc062723c751e8b465ee728b)
Start importing Assets/Walkway.prefab using Guid(cba54067d9e733a47af3933bbfd03fcc) Importer(815301076,1909f56bfc062723c751e8b465ee728b)  -> (artifact id: '6c66cc3453c8f76c471dd4ab51542bb9') in 0.067701 seconds
  Import took 0.070140 seconds .

========================================================================
Received Import Request.
  Time since last request: 4.422787 seconds.
  path: Assets/Walkway.prefab
  artifactKey: Guid(cba54067d9e733a47af3933bbfd03fcc) Importer(815301076,1909f56bfc062723c751e8b465ee728b)
Start importing Assets/Walkway.prefab using Guid(cba54067d9e733a47af3933bbfd03fcc) Importer(815301076,1909f56bfc062723c751e8b465ee728b)  -> (artifact id: '39321d4f2b0d0be315336b073ed06ae9') in 0.011140 seconds
  Import took 0.013593 seconds .

========================================================================
Received Import Request.
  Time since last request: 2.153751 seconds.
  path: Assets/Walkway.prefab
  artifactKey: Guid(cba54067d9e733a47af3933bbfd03fcc) Importer(815301076,1909f56bfc062723c751e8b465ee728b)
Start importing Assets/Walkway.prefab using Guid(cba54067d9e733a47af3933bbfd03fcc) Importer(815301076,1909f56bfc062723c751e8b465ee728b)  -> (artifact id: 'c467b82a87e4c82aecdb96b509b35d54') in 0.011774 seconds
  Import took 0.013763 seconds .

========================================================================
Received Import Request.
  Time since last request: 4.751254 seconds.
  path: Assets/Prefabs/Tutorial Car.prefab
  artifactKey: Guid(771e1d5b179ff77469f879eeab04cbb1) Importer(815301076,1909f56bfc062723c751e8b465ee728b)
Start importing Assets/Prefabs/Tutorial Car.prefab using Guid(771e1d5b179ff77469f879eeab04cbb1) Importer(815301076,1909f56bfc062723c751e8b465ee728b)  -> (artifact id: '0e4ebf4d0a90cf7d855627bdd3223b9a') in 0.048232 seconds
  Import took 0.051390 seconds .

========================================================================
Received Import Request.
  Time since last request: 4.755863 seconds.
  path: Assets/Prefabs/Tutorial Car.prefab
  artifactKey: Guid(771e1d5b179ff77469f879eeab04cbb1) Importer(815301076,1909f56bfc062723c751e8b465ee728b)
Start importing Assets/Prefabs/Tutorial Car.prefab using Guid(771e1d5b179ff77469f879eeab04cbb1) Importer(815301076,1909f56bfc062723c751e8b465ee728b)  -> (artifact id: '2b014fa40b6f5fb10c8f2ccd80be7cf6') in 0.022965 seconds
  Import took 0.026175 seconds .

========================================================================
Received Prepare
Registering precompiled user dll's ...
Registered in 0.000514 seconds.
Begin MonoManager ReloadAssembly
Native extension for WindowsStandalone target not found
Refreshing native plugins compatible for Editor in 0.19 ms, found 0 plugins.
Preloading 0 native plugins for Editor in 0.00 ms.
Invoked RoslynAnalysisRunner static constructor.
RoslynAnalysisRunner will not be running.
RoslynAnalysisRunner has terminated.
Mono: successfully reloaded assembly
- Completed reload, in  0.629 seconds
Platform modules already initialized, skipping
Refreshing native plugins compatible for Editor in 0.26 ms, found 0 plugins.
Preloading 0 native plugins for Editor in 0.00 ms.
Unloading 1119 Unused Serialized files (Serialized files now loaded: 0)
System memory in use before: 61.7 MB.
System memory in use after: 61.8 MB.

Unloading 4 unused Assets to reduce memory usage. Loaded Objects now: 1663.
Total: 1.278700 ms (FindLiveObjects: 0.124500 ms CreateObjectMapping: 0.032100 ms MarkObjects: 1.110700 ms  DeleteObjects: 0.010500 ms)

========================================================================
Received Prepare
Registering precompiled user dll's ...
Registered in 0.000638 seconds.
Begin MonoManager ReloadAssembly
Native extension for WindowsStandalone target not found
Refreshing native plugins compatible for Editor in 0.18 ms, found 0 plugins.
Preloading 0 native plugins for Editor in 0.00 ms.
Invoked RoslynAnalysisRunner static constructor.
RoslynAnalysisRunner will not be running.
RoslynAnalysisRunner has terminated.
Mono: successfully reloaded assembly
- Completed reload, in  0.633 seconds
Platform modules already initialized, skipping
Refreshing native plugins compatible for Editor in 0.22 ms, found 0 plugins.
Preloading 0 native plugins for Editor in 0.00 ms.
Unloading 1120 Unused Serialized files (Serialized files now loaded: 0)
System memory in use before: 61.8 MB.
System memory in use after: 61.9 MB.

Unloading 4 unused Assets to reduce memory usage. Loaded Objects now: 1667.
Total: 1.286000 ms (FindLiveObjects: 0.118200 ms CreateObjectMapping: 0.030100 ms MarkObjects: 1.126600 ms  DeleteObjects: 0.010400 ms)

========================================================================
Received Prepare
Registering precompiled user dll's ...
Registered in 0.000625 seconds.
Begin MonoManager ReloadAssembly
Native extension for WindowsStandalone target not found
Refreshing native plugins compatible for Editor in 0.18 ms, found 0 plugins.
Preloading 0 native plugins for Editor in 0.00 ms.
Invoked RoslynAnalysisRunner static constructor.
RoslynAnalysisRunner will not be running.
RoslynAnalysisRunner has terminated.
Mono: successfully reloaded assembly
- Completed reload, in  0.608 seconds
Platform modules already initialized, skipping
Refreshing native plugins compatible for Editor in 0.21 ms, found 0 plugins.
Preloading 0 native plugins for Editor in 0.00 ms.
Unloading 1120 Unused Serialized files (Serialized files now loaded: 0)
System memory in use before: 61.8 MB.
System memory in use after: 61.9 MB.

Unloading 4 unused Assets to reduce memory usage. Loaded Objects now: 1670.
Total: 1.424300 ms (FindLiveObjects: 0.177200 ms CreateObjectMapping: 0.028200 ms MarkObjects: 1.205000 ms  DeleteObjects: 0.012800 ms)

========================================================================
Received Import Request.
  Time since last request: 1106.692070 seconds.
  path: Assets/Prefabs/Tutorial Car.prefab
  artifactKey: Guid(771e1d5b179ff77469f879eeab04cbb1) Importer(815301076,1909f56bfc062723c751e8b465ee728b)
Start importing Assets/Prefabs/Tutorial Car.prefab using Guid(771e1d5b179ff77469f879eeab04cbb1) Importer(815301076,1909f56bfc062723c751e8b465ee728b)  -> (artifact id: 'd5faea6238e1693cc5feeca91b83b779') in 0.084324 seconds
  Import took 0.097107 seconds .

========================================================================
Received Import Request.
  Time since last request: 0.996858 seconds.
  path: Assets/Prefabs/Tutorial Car 1.prefab
  artifactKey: Guid(5fc9f2b040a8a914bafb177167af8cdb) Importer(815301076,1909f56bfc062723c751e8b465ee728b)
Start importing Assets/Prefabs/Tutorial Car 1.prefab using Guid(5fc9f2b040a8a914bafb177167af8cdb) Importer(815301076,1909f56bfc062723c751e8b465ee728b)  -> (artifact id: 'c7df4eb004189ab4105cca4b55753bd2') in 0.026558 seconds
  Import took 0.029080 seconds .

========================================================================
Received Import Request.
  Time since last request: 0.001691 seconds.
  path: Assets/Prefabs/Tutorial Car 1.prefab
  artifactKey: Guid(5fc9f2b040a8a914bafb177167af8cdb) Importer(815301076,1909f56bfc062723c751e8b465ee728b)
Start importing Assets/Prefabs/Tutorial Car 1.prefab using Guid(5fc9f2b040a8a914bafb177167af8cdb) Importer(815301076,1909f56bfc062723c751e8b465ee728b)  -> (artifact id: 'c7df4eb004189ab4105cca4b55753bd2') in 0.025186 seconds
  Import took 0.027700 seconds .

========================================================================
Received Import Request.
  Time since last request: 9.349710 seconds.
  path: Assets/Prefabs/Tutorial Car 1.prefab
  artifactKey: Guid(5fc9f2b040a8a914bafb177167af8cdb) Importer(815301076,1909f56bfc062723c751e8b465ee728b)
Start importing Assets/Prefabs/Tutorial Car 1.prefab using Guid(5fc9f2b040a8a914bafb177167af8cdb) Importer(815301076,1909f56bfc062723c751e8b465ee728b)  -> (artifact id: 'fe16cbcfea342f28808e92c7671805a2') in 0.033208 seconds
  Import took 0.035848 seconds .

========================================================================
Received Import Request.
  Time since last request: 3.888178 seconds.
  path: Assets/Prefabs/Chrome Car.prefab
  artifactKey: Guid(5fc9f2b040a8a914bafb177167af8cdb) Importer(815301076,1909f56bfc062723c751e8b465ee728b)
Start importing Assets/Prefabs/Chrome Car.prefab using Guid(5fc9f2b040a8a914bafb177167af8cdb) Importer(815301076,1909f56bfc062723c751e8b465ee728b)  -> (artifact id: '81549286583505a00b8afe102d211f63') in 0.033096 seconds
  Import took 0.048689 seconds .

========================================================================
Received Import Request.
  Time since last request: 12.459494 seconds.
  path: Assets/Prefabs/Chrome Car.prefab
  artifactKey: Guid(5fc9f2b040a8a914bafb177167af8cdb) Importer(815301076,1909f56bfc062723c751e8b465ee728b)
Start importing Assets/Prefabs/Chrome Car.prefab using Guid(5fc9f2b040a8a914bafb177167af8cdb) Importer(815301076,1909f56bfc062723c751e8b465ee728b)  -> (artifact id: '85dd6ff0d1d33e05a374e74e60495c06') in 0.030921 seconds
  Import took 0.033704 seconds .

========================================================================
Received Import Request.
  Time since last request: 6.326261 seconds.
  path: Assets/Prefabs/Chrome Car.prefab
  artifactKey: Guid(5fc9f2b040a8a914bafb177167af8cdb) Importer(815301076,1909f56bfc062723c751e8b465ee728b)
Start importing Assets/Prefabs/Chrome Car.prefab using Guid(5fc9f2b040a8a914bafb177167af8cdb) Importer(815301076,1909f56bfc062723c751e8b465ee728b)  -> (artifact id: 'd5696489f785172eed9219a6a99d518c') in 0.029260 seconds
  Import took 0.047860 seconds .

========================================================================
Received Import Request.
  Time since last request: 7.662102 seconds.
  path: Assets/Prefabs/Chrome Car.prefab
  artifactKey: Guid(5fc9f2b040a8a914bafb177167af8cdb) Importer(815301076,1909f56bfc062723c751e8b465ee728b)
Start importing Assets/Prefabs/Chrome Car.prefab using Guid(5fc9f2b040a8a914bafb177167af8cdb) Importer(815301076,1909f56bfc062723c751e8b465ee728b)  -> (artifact id: '917dcebd771104db55800fbbe6585194') in 0.025122 seconds
  Import took 0.189870 seconds .

========================================================================
Received Import Request.
  Time since last request: 2.677489 seconds.
  path: Assets/Prefabs/Chrome Car.prefab
  artifactKey: Guid(5fc9f2b040a8a914bafb177167af8cdb) Importer(815301076,1909f56bfc062723c751e8b465ee728b)
Start importing Assets/Prefabs/Chrome Car.prefab using Guid(5fc9f2b040a8a914bafb177167af8cdb) Importer(815301076,1909f56bfc062723c751e8b465ee728b)  -> (artifact id: '7921c5add6c1e49d8a7271b275cf3050') in 0.026368 seconds
  Import took 0.029335 seconds .

========================================================================
Received Import Request.
  Time since last request: 5.162617 seconds.
  path: Assets/Prefabs/Chrome Car.prefab
  artifactKey: Guid(5fc9f2b040a8a914bafb177167af8cdb) Importer(815301076,1909f56bfc062723c751e8b465ee728b)
Start importing Assets/Prefabs/Chrome Car.prefab using Guid(5fc9f2b040a8a914bafb177167af8cdb) Importer(815301076,1909f56bfc062723c751e8b465ee728b)  -> (artifact id: '98ba2f7488554b86bc7744dc736dfecb') in 0.024166 seconds
  Import took 0.839519 seconds .

========================================================================
Received Import Request.
  Time since last request: 1.289318 seconds.
  path: Assets/Prefabs/Chrome Car.prefab
  artifactKey: Guid(5fc9f2b040a8a914bafb177167af8cdb) Importer(815301076,1909f56bfc062723c751e8b465ee728b)
Start importing Assets/Prefabs/Chrome Car.prefab using Guid(5fc9f2b040a8a914bafb177167af8cdb) Importer(815301076,1909f56bfc062723c751e8b465ee728b)  -> (artifact id: 'b1826bab7926016b23903c6bb44e34a9') in 0.021377 seconds
  Import took 0.024317 seconds .

========================================================================
Received Import Request.
  Time since last request: 5.019875 seconds.
  path: Assets/Prefabs/Chrome Car.prefab
  artifactKey: Guid(5fc9f2b040a8a914bafb177167af8cdb) Importer(815301076,1909f56bfc062723c751e8b465ee728b)
Start importing Assets/Prefabs/Chrome Car.prefab using Guid(5fc9f2b040a8a914bafb177167af8cdb) Importer(815301076,1909f56bfc062723c751e8b465ee728b)  -> (artifact id: '6930f492fcbc07f9fc854cf989cc0640') in 0.025224 seconds
  Import took 0.027817 seconds .

========================================================================
Received Import Request.
  Time since last request: 4.584814 seconds.
  path: Assets/Prefabs/Chrome Car.prefab
  artifactKey: Guid(5fc9f2b040a8a914bafb177167af8cdb) Importer(815301076,1909f56bfc062723c751e8b465ee728b)
Start importing Assets/Prefabs/Chrome Car.prefab using Guid(5fc9f2b040a8a914bafb177167af8cdb) Importer(815301076,1909f56bfc062723c751e8b465ee728b)  -> (artifact id: 'bbd250cf3087e66701edbd2c1d0498fc') in 0.025969 seconds
  Import took 0.028639 seconds .

========================================================================
Received Import Request.
  Time since last request: 23.787027 seconds.
  path: Assets/Prefabs/Chrome Car.prefab
  artifactKey: Guid(5fc9f2b040a8a914bafb177167af8cdb) Importer(815301076,1909f56bfc062723c751e8b465ee728b)
Start importing Assets/Prefabs/Chrome Car.prefab using Guid(5fc9f2b040a8a914bafb177167af8cdb) Importer(815301076,1909f56bfc062723c751e8b465ee728b)  -> (artifact id: 'b4038c1489b1f52b9671d48925ae6ce2') in 0.026437 seconds
  Import took 0.029103 seconds .

========================================================================
Received Import Request.
  Time since last request: 5.434334 seconds.
  path: Assets/Prefabs/Chrome Car.prefab
  artifactKey: Guid(5fc9f2b040a8a914bafb177167af8cdb) Importer(815301076,1909f56bfc062723c751e8b465ee728b)
Start importing Assets/Prefabs/Chrome Car.prefab using Guid(5fc9f2b040a8a914bafb177167af8cdb) Importer(815301076,1909f56bfc062723c751e8b465ee728b)  -> (artifact id: '9cc52746129b63bf72a3730df8b7d05b') in 0.025352 seconds
  Import took 0.027898 seconds .

========================================================================
Received Import Request.
  Time since last request: 15.651672 seconds.
  path: Assets/Prefabs/Chrome Car.prefab
  artifactKey: Guid(5fc9f2b040a8a914bafb177167af8cdb) Importer(815301076,1909f56bfc062723c751e8b465ee728b)
Start importing Assets/Prefabs/Chrome Car.prefab using Guid(5fc9f2b040a8a914bafb177167af8cdb) Importer(815301076,1909f56bfc062723c751e8b465ee728b)  -> (artifact id: '1b0dc39f534b438cfc7b5006456ee202') in 0.022811 seconds
  Import took 0.026169 seconds .

========================================================================
Received Import Request.
  Time since last request: 8.224016 seconds.
  path: Assets/Prefabs/Chrome Car.prefab
  artifactKey: Guid(5fc9f2b040a8a914bafb177167af8cdb) Importer(815301076,1909f56bfc062723c751e8b465ee728b)
Start importing Assets/Prefabs/Chrome Car.prefab using Guid(5fc9f2b040a8a914bafb177167af8cdb) Importer(815301076,1909f56bfc062723c751e8b465ee728b)  -> (artifact id: '52e360362c529397695180a120f56e64') in 0.021872 seconds
  Import took 0.039348 seconds .

========================================================================
Received Import Request.
  Time since last request: 0.767331 seconds.
  path: Assets/Prefabs/Chrome Car.prefab
  artifactKey: Guid(5fc9f2b040a8a914bafb177167af8cdb) Importer(815301076,1909f56bfc062723c751e8b465ee728b)
Start importing Assets/Prefabs/Chrome Car.prefab using Guid(5fc9f2b040a8a914bafb177167af8cdb) Importer(815301076,1909f56bfc062723c751e8b465ee728b)  -> (artifact id: '4b4c0bb2e6edbdb61e1f0593a95ffc36') in 0.015541 seconds
  Import took 0.018780 seconds .

========================================================================
Received Prepare
Registering precompiled user dll's ...
Registered in 0.000703 seconds.
Begin MonoManager ReloadAssembly
Native extension for WindowsStandalone target not found
Refreshing native plugins compatible for Editor in 0.18 ms, found 0 plugins.
Preloading 0 native plugins for Editor in 0.00 ms.
Invoked RoslynAnalysisRunner static constructor.
RoslynAnalysisRunner will not be running.
RoslynAnalysisRunner has terminated.
Mono: successfully reloaded assembly
- Completed reload, in  0.663 seconds
Platform modules already initialized, skipping
Refreshing native plugins compatible for Editor in 0.21 ms, found 0 plugins.
Preloading 0 native plugins for Editor in 0.00 ms.
Unloading 1120 Unused Serialized files (Serialized files now loaded: 0)
System memory in use before: 62.0 MB.
System memory in use after: 62.1 MB.

Unloading 4 unused Assets to reduce memory usage. Loaded Objects now: 1674.
Total: 1.885900 ms (FindLiveObjects: 0.140300 ms CreateObjectMapping: 0.062100 ms MarkObjects: 1.668000 ms  DeleteObjects: 0.013800 ms)

========================================================================
Received Import Request.
  Time since last request: 455.338158 seconds.
  path: Assets/TestMat.mat
  artifactKey: Guid(03becdd17fcc7134292b3aad5826663b) Importer(815301076,1909f56bfc062723c751e8b465ee728b)
Start importing Assets/TestMat.mat using Guid(03becdd17fcc7134292b3aad5826663b) Importer(815301076,1909f56bfc062723c751e8b465ee728b)  -> (artifact id: 'c6da6427cb9febbfd14bd77db518af71') in 0.053033 seconds
  Import took 0.055306 seconds .

========================================================================
Received Import Request.
  Time since last request: 10.016350 seconds.
  path: Assets/Prefabs/Chrome Car.prefab
  artifactKey: Guid(5fc9f2b040a8a914bafb177167af8cdb) Importer(815301076,1909f56bfc062723c751e8b465ee728b)
Start importing Assets/Prefabs/Chrome Car.prefab using Guid(5fc9f2b040a8a914bafb177167af8cdb) Importer(815301076,1909f56bfc062723c751e8b465ee728b)  -> (artifact id: '7f61099b5e8c28c0688bb031d63cbc14') in 0.026761 seconds
  Import took 0.029205 seconds .

========================================================================
Received Prepare
Registering precompiled user dll's ...
Registered in 0.000558 seconds.
Begin MonoManager ReloadAssembly
Native extension for WindowsStandalone target not found
Refreshing native plugins compatible for Editor in 0.20 ms, found 0 plugins.
Preloading 0 native plugins for Editor in 0.00 ms.
Invoked RoslynAnalysisRunner static constructor.
RoslynAnalysisRunner will not be running.
RoslynAnalysisRunner has terminated.
Mono: successfully reloaded assembly
- Completed reload, in  0.661 seconds
Platform modules already initialized, skipping
Refreshing native plugins compatible for Editor in 0.22 ms, found 0 plugins.
Preloading 0 native plugins for Editor in 0.00 ms.
Unloading 1120 Unused Serialized files (Serialized files now loaded: 0)
System memory in use before: 62.0 MB.
System memory in use after: 62.1 MB.

Unloading 4 unused Assets to reduce memory usage. Loaded Objects now: 1678.
Total: 1.476400 ms (FindLiveObjects: 0.137100 ms CreateObjectMapping: 0.030800 ms MarkObjects: 1.296200 ms  DeleteObjects: 0.011400 ms)

========================================================================
Received Import Request.
  Time since last request: 106.517352 seconds.
  path: Assets/Prefabs/Chrome Car.prefab
  artifactKey: Guid(5fc9f2b040a8a914bafb177167af8cdb) Importer(815301076,1909f56bfc062723c751e8b465ee728b)
Start importing Assets/Prefabs/Chrome Car.prefab using Guid(5fc9f2b040a8a914bafb177167af8cdb) Importer(815301076,1909f56bfc062723c751e8b465ee728b)  -> (artifact id: '00b527bed59999ceafc605e3afb9f7b1') in 0.053290 seconds
  Import took 0.055808 seconds .

========================================================================
Received Import Request.
  Time since last request: 11.578411 seconds.
  path: Assets/Prefabs/Chrome Car.prefab
  artifactKey: Guid(5fc9f2b040a8a914bafb177167af8cdb) Importer(815301076,1909f56bfc062723c751e8b465ee728b)
Start importing Assets/Prefabs/Chrome Car.prefab using Guid(5fc9f2b040a8a914bafb177167af8cdb) Importer(815301076,1909f56bfc062723c751e8b465ee728b)  -> (artifact id: '0fd31c59f8ea6c103660324151c1b2cb') in 0.024999 seconds
  Import took 0.027485 seconds .

========================================================================
Received Import Request.
  Time since last request: 10.218114 seconds.
  path: Assets/Prefabs/Chrome Car.prefab
  artifactKey: Guid(5fc9f2b040a8a914bafb177167af8cdb) Importer(815301076,1909f56bfc062723c751e8b465ee728b)
Start importing Assets/Prefabs/Chrome Car.prefab using Guid(5fc9f2b040a8a914bafb177167af8cdb) Importer(815301076,1909f56bfc062723c751e8b465ee728b)  -> (artifact id: 'dbcac300f5bfa24a3debbee676512e20') in 0.019160 seconds
  Import took 0.021945 seconds .

========================================================================
Received Import Request.
  Time since last request: 30.572802 seconds.
  path: Assets/Prefabs/Chrome Car.prefab
  artifactKey: Guid(5fc9f2b040a8a914bafb177167af8cdb) Importer(815301076,1909f56bfc062723c751e8b465ee728b)
Start importing Assets/Prefabs/Chrome Car.prefab using Guid(5fc9f2b040a8a914bafb177167af8cdb) Importer(815301076,1909f56bfc062723c751e8b465ee728b)  -> (artifact id: 'ab69eb1c1ca37dfb36f75d5126f96b18') in 0.020411 seconds
  Import took 0.045161 seconds .

========================================================================
Received Import Request.
  Time since last request: 5.996199 seconds.
  path: Assets/Prefabs/Chrome Car.prefab
  artifactKey: Guid(5fc9f2b040a8a914bafb177167af8cdb) Importer(815301076,1909f56bfc062723c751e8b465ee728b)
Start importing Assets/Prefabs/Chrome Car.prefab using Guid(5fc9f2b040a8a914bafb177167af8cdb) Importer(815301076,1909f56bfc062723c751e8b465ee728b)  -> (artifact id: '4613a46fa2159d189f2761d7bb7b245c') in 0.022215 seconds
  Import took 0.024884 seconds .

========================================================================
Received Import Request.
  Time since last request: 8.291727 seconds.
  path: Assets/Prefabs/Chrome Car.prefab
  artifactKey: Guid(5fc9f2b040a8a914bafb177167af8cdb) Importer(815301076,1909f56bfc062723c751e8b465ee728b)
Start importing Assets/Prefabs/Chrome Car.prefab using Guid(5fc9f2b040a8a914bafb177167af8cdb) Importer(815301076,1909f56bfc062723c751e8b465ee728b)  -> (artifact id: '5fc8101608d549eb3f52845c2af188e8') in 0.020971 seconds
  Import took 0.023460 seconds .

========================================================================
Received Import Request.
  Time since last request: 8.616391 seconds.
  path: Assets/Prefabs/Chrome Car.prefab
  artifactKey: Guid(5fc9f2b040a8a914bafb177167af8cdb) Importer(815301076,1909f56bfc062723c751e8b465ee728b)
Start importing Assets/Prefabs/Chrome Car.prefab using Guid(5fc9f2b040a8a914bafb177167af8cdb) Importer(815301076,1909f56bfc062723c751e8b465ee728b)  -> (artifact id: 'fc40b6328b9f149a08ac37e07a198948') in 0.020141 seconds
  Import took 0.022669 seconds .

========================================================================
Received Prepare
Registering precompiled user dll's ...
Registered in 0.000571 seconds.
Begin MonoManager ReloadAssembly
Native extension for WindowsStandalone target not found
Refreshing native plugins compatible for Editor in 0.18 ms, found 0 plugins.
Preloading 0 native plugins for Editor in 0.00 ms.
Invoked RoslynAnalysisRunner static constructor.
RoslynAnalysisRunner will not be running.
RoslynAnalysisRunner has terminated.
Mono: successfully reloaded assembly
- Completed reload, in  0.634 seconds
Platform modules already initialized, skipping
Refreshing native plugins compatible for Editor in 0.20 ms, found 0 plugins.
Preloading 0 native plugins for Editor in 0.00 ms.
Unloading 1120 Unused Serialized files (Serialized files now loaded: 0)
System memory in use before: 62.2 MB.
System memory in use after: 62.3 MB.

Unloading 4 unused Assets to reduce memory usage. Loaded Objects now: 1682.
Total: 1.613900 ms (FindLiveObjects: 0.119600 ms CreateObjectMapping: 0.029700 ms MarkObjects: 1.452000 ms  DeleteObjects: 0.011500 ms)

========================================================================
Received Import Request.
  Time since last request: 16.938316 seconds.
  path: Assets/Prefabs/Chrome Car.prefab
  artifactKey: Guid(5fc9f2b040a8a914bafb177167af8cdb) Importer(815301076,1909f56bfc062723c751e8b465ee728b)
Start importing Assets/Prefabs/Chrome Car.prefab using Guid(5fc9f2b040a8a914bafb177167af8cdb) Importer(815301076,1909f56bfc062723c751e8b465ee728b)  -> (artifact id: '24d2d77c92e6aa128f9b22e89f623732') in 0.055613 seconds
  Import took 0.089751 seconds .

========================================================================
Received Prepare
Registering precompiled user dll's ...
Registered in 0.000548 seconds.
Begin MonoManager ReloadAssembly
Native extension for WindowsStandalone target not found
Refreshing native plugins compatible for Editor in 0.18 ms, found 0 plugins.
Preloading 0 native plugins for Editor in 0.00 ms.
Invoked RoslynAnalysisRunner static constructor.
RoslynAnalysisRunner will not be running.
RoslynAnalysisRunner has terminated.
Mono: successfully reloaded assembly
- Completed reload, in  0.635 seconds
Platform modules already initialized, skipping
Refreshing native plugins compatible for Editor in 0.19 ms, found 0 plugins.
Preloading 0 native plugins for Editor in 0.00 ms.
Unloading 1120 Unused Serialized files (Serialized files now loaded: 0)
System memory in use before: 62.2 MB.
System memory in use after: 62.3 MB.

Unloading 4 unused Assets to reduce memory usage. Loaded Objects now: 1686.
Total: 1.416900 ms (FindLiveObjects: 0.123400 ms CreateObjectMapping: 0.031200 ms MarkObjects: 1.248500 ms  DeleteObjects: 0.012400 ms)

========================================================================
Received Import Request.
  Time since last request: 20.050055 seconds.
  path: Assets/Prefabs/Chrome Car.prefab
  artifactKey: Guid(5fc9f2b040a8a914bafb177167af8cdb) Importer(815301076,1909f56bfc062723c751e8b465ee728b)
Start importing Assets/Prefabs/Chrome Car.prefab using Guid(5fc9f2b040a8a914bafb177167af8cdb) Importer(815301076,1909f56bfc062723c751e8b465ee728b)  -> (artifact id: 'd8fded0702e2579287c3b13608429bbf') in 0.057105 seconds
  Import took 0.060466 seconds .

========================================================================
Received Prepare
Registering precompiled user dll's ...
Registered in 0.000547 seconds.
Begin MonoManager ReloadAssembly
Native extension for WindowsStandalone target not found
Refreshing native plugins compatible for Editor in 0.19 ms, found 0 plugins.
Preloading 0 native plugins for Editor in 0.00 ms.
Invoked RoslynAnalysisRunner static constructor.
RoslynAnalysisRunner will not be running.
RoslynAnalysisRunner has terminated.
Mono: successfully reloaded assembly
- Completed reload, in  0.663 seconds
Platform modules already initialized, skipping
Refreshing native plugins compatible for Editor in 0.20 ms, found 0 plugins.
Preloading 0 native plugins for Editor in 0.00 ms.
Unloading 1120 Unused Serialized files (Serialized files now loaded: 0)
System memory in use before: 62.2 MB.
System memory in use after: 62.3 MB.

Unloading 4 unused Assets to reduce memory usage. Loaded Objects now: 1690.
Total: 1.390300 ms (FindLiveObjects: 0.116800 ms CreateObjectMapping: 0.027900 ms MarkObjects: 1.231900 ms  DeleteObjects: 0.012900 ms)

========================================================================
Received Import Request.
  Time since last request: 15.284397 seconds.
  path: Assets/Prefabs/Chrome Car.prefab
  artifactKey: Guid(5fc9f2b040a8a914bafb177167af8cdb) Importer(815301076,1909f56bfc062723c751e8b465ee728b)
Start importing Assets/Prefabs/Chrome Car.prefab using Guid(5fc9f2b040a8a914bafb177167af8cdb) Importer(815301076,1909f56bfc062723c751e8b465ee728b)  -> (artifact id: '8a3d84a745077a4777e6357c62d79664') in 0.056184 seconds
  Import took 0.058917 seconds .

========================================================================
Received Prepare
Registering precompiled user dll's ...
Registered in 0.000550 seconds.
Begin MonoManager ReloadAssembly
Native extension for WindowsStandalone target not found
Refreshing native plugins compatible for Editor in 0.21 ms, found 0 plugins.
Preloading 0 native plugins for Editor in 0.00 ms.
Invoked RoslynAnalysisRunner static constructor.
RoslynAnalysisRunner will not be running.
RoslynAnalysisRunner has terminated.
Mono: successfully reloaded assembly
- Completed reload, in  0.660 seconds
Platform modules already initialized, skipping
Refreshing native plugins compatible for Editor in 0.20 ms, found 0 plugins.
Preloading 0 native plugins for Editor in 0.00 ms.
Unloading 1120 Unused Serialized files (Serialized files now loaded: 0)
System memory in use before: 62.2 MB.
System memory in use after: 62.3 MB.

Unloading 4 unused Assets to reduce memory usage. Loaded Objects now: 1694.
Total: 1.403100 ms (FindLiveObjects: 0.125100 ms CreateObjectMapping: 0.031500 ms MarkObjects: 1.233600 ms  DeleteObjects: 0.012000 ms)

========================================================================
Received Prepare
Registering precompiled user dll's ...
Registered in 0.000547 seconds.
Begin MonoManager ReloadAssembly
Native extension for WindowsStandalone target not found
Refreshing native plugins compatible for Editor in 0.30 ms, found 0 plugins.
Preloading 0 native plugins for Editor in 0.00 ms.
Invoked RoslynAnalysisRunner static constructor.
RoslynAnalysisRunner will not be running.
RoslynAnalysisRunner has terminated.
Mono: successfully reloaded assembly
- Completed reload, in  0.658 seconds
Platform modules already initialized, skipping
Refreshing native plugins compatible for Editor in 0.20 ms, found 0 plugins.
Preloading 0 native plugins for Editor in 0.00 ms.
Unloading 1120 Unused Serialized files (Serialized files now loaded: 0)
System memory in use before: 62.2 MB.
System memory in use after: 62.3 MB.

Unloading 4 unused Assets to reduce memory usage. Loaded Objects now: 1697.
Total: 1.744900 ms (FindLiveObjects: 0.178100 ms CreateObjectMapping: 0.039900 ms MarkObjects: 1.511800 ms  DeleteObjects: 0.013500 ms)

========================================================================
Received Prepare
Registering precompiled user dll's ...
Registered in 0.000536 seconds.
Begin MonoManager ReloadAssembly
Native extension for WindowsStandalone target not found
Refreshing native plugins compatible for Editor in 0.19 ms, found 0 plugins.
Preloading 0 native plugins for Editor in 0.00 ms.
Invoked RoslynAnalysisRunner static constructor.
RoslynAnalysisRunner will not be running.
RoslynAnalysisRunner has terminated.
Mono: successfully reloaded assembly
- Completed reload, in  0.646 seconds
Platform modules already initialized, skipping
Refreshing native plugins compatible for Editor in 0.23 ms, found 0 plugins.
Preloading 0 native plugins for Editor in 0.00 ms.
Unloading 1120 Unused Serialized files (Serialized files now loaded: 0)
System memory in use before: 62.2 MB.
System memory in use after: 62.3 MB.

Unloading 4 unused Assets to reduce memory usage. Loaded Objects now: 1700.
Total: 2.328600 ms (FindLiveObjects: 0.208000 ms CreateObjectMapping: 0.050400 ms MarkObjects: 2.055600 ms  DeleteObjects: 0.013500 ms)

========================================================================
Received Prepare
Registering precompiled user dll's ...
Registered in 0.000608 seconds.
Begin MonoManager ReloadAssembly
Native extension for WindowsStandalone target not found
Refreshing native plugins compatible for Editor in 0.20 ms, found 0 plugins.
Preloading 0 native plugins for Editor in 0.00 ms.
Invoked RoslynAnalysisRunner static constructor.
RoslynAnalysisRunner will not be running.
RoslynAnalysisRunner has terminated.
Mono: successfully reloaded assembly
- Completed reload, in  0.663 seconds
Platform modules already initialized, skipping
Refreshing native plugins compatible for Editor in 0.22 ms, found 0 plugins.
Preloading 0 native plugins for Editor in 0.00 ms.
Unloading 1120 Unused Serialized files (Serialized files now loaded: 0)
System memory in use before: 62.2 MB.
System memory in use after: 62.3 MB.

Unloading 4 unused Assets to reduce memory usage. Loaded Objects now: 1703.
Total: 1.531500 ms (FindLiveObjects: 0.177600 ms CreateObjectMapping: 0.031000 ms MarkObjects: 1.308700 ms  DeleteObjects: 0.013200 ms)

AssetImportWorkerClient::OnTransportError - code=2 error=End of file
